<?xml version="1.0" encoding="UTF-8"?>
<!-- Generated by org.testng.reporters.JUnitReportReporter -->
<testsuite hostname="a29879c3c9735dd" failures="0" tests="1" name="Techademy.TestApplication" time="6.163" errors="0" timestamp="2023-09-24T10:27:06 IST" skipped="0">
  <testcase classname="Techademy.TestApplication" name="verifyAjaxLoader" time="6.163"/>
</testsuite> <!-- Techademy.TestApplication -->
